2025-04-04 08:10:30.956164 - Received CBT.V508.FILE340.PDS from FILE340.XMI 
2025-04-04 08:10:30.957244 - Found $$$#DATE.txt (text/plain) in CBT.V508.FILE340.PDS, moved to PDS/$$$#DATE
2025-04-04 08:10:30.957429 - Found $ASM.jcl (text/plain) in CBT.V508.FILE340.PDS, moved to PDS/$ASM
2025-04-04 08:10:30.957574 - Found $LINK.jcl (text/plain) in CBT.V508.FILE340.PDS, moved to PDS/$LINK
2025-04-04 08:10:30.957717 - Found $MACLIB.bin (application/octet-stream) in CBT.V508.FILE340.PDS, moved to PDS/$MACLIB
2025-04-04 08:10:30.957861 - Found $README.txt (text/plain) in CBT.V508.FILE340.PDS, moved to PDS/$README
2025-04-04 08:10:30.957987 - Found @FILE340.txt (text/plain) in CBT.V508.FILE340.PDS, moved to PDS/@FILE340
2025-04-04 08:10:30.958191 - Found DCMCLEAR.txt (text/plain) in CBT.V508.FILE340.PDS, moved to PDS/DCMCLEAR
2025-04-04 08:10:30.958339 - Found DCMCMBG.txt (text/plain) in CBT.V508.FILE340.PDS, moved to PDS/DCMCMBG
2025-04-04 08:10:30.958468 - Found DCMCONVD.txt (text/plain) in CBT.V508.FILE340.PDS, moved to PDS/DCMCONVD
2025-04-04 08:10:30.958597 - Found DCMDSPLY.txt (text/plain) in CBT.V508.FILE340.PDS, moved to PDS/DCMDSPLY
2025-04-04 08:10:30.958731 - Found DCMINIT.txt (text/plain) in CBT.V508.FILE340.PDS, moved to PDS/DCMINIT
2025-04-04 08:10:30.958944 - Found DCMINPUT.txt (text/plain) in CBT.V508.FILE340.PDS, moved to PDS/DCMINPUT
2025-04-04 08:10:30.959073 - Found DCMIOERR.txt (text/plain) in CBT.V508.FILE340.PDS, moved to PDS/DCMIOERR
2025-04-04 08:10:30.959201 - Found DCMMAIN.txt (text/plain) in CBT.V508.FILE340.PDS, moved to PDS/DCMMAIN
2025-04-04 08:10:30.959346 - Found DCMSCRN.txt (text/plain) in CBT.V508.FILE340.PDS, moved to PDS/DCMSCRN
2025-04-04 08:10:30.959488 - Found DCMSTATS.txt (text/plain) in CBT.V508.FILE340.PDS, moved to PDS/DCMSTATS
2025-04-04 08:10:30.959641 - Found MACLIB.txt (text/plain) in CBT.V508.FILE340.PDS, moved to PDS/MACLIB
2025-04-04 08:10:30.959771 - Found README.txt (text/plain) in CBT.V508.FILE340.PDS, moved to PDS/README
2025-04-04 08:10:30.959905 - Found REPLAYP.txt (text/plain) in CBT.V508.FILE340.PDS, moved to PDS/REPLAYP
2025-04-04 08:10:30.960044 - Found REXX.rexx (text/plain) in CBT.V508.FILE340.PDS, moved to PDS/REXX
